<?xml version="1.0" encoding="UTF-8"?>
<coverage generated="1758484031302" clover="3.2.0">
  <project timestamp="1758484031302" name="All files">
    <metrics statements="140" coveredstatements="140" conditionals="43" coveredconditionals="43" methods="14" coveredmethods="14" elements="197" coveredelements="197" complexity="0" loc="140" ncloc="140" packages="1" files="1" classes="1"/>
    <file name="store.ts" path="/Users/marcushellams/dev/mth-store/src/store.ts">
      <metrics statements="140" coveredstatements="140" conditionals="43" coveredconditionals="43" methods="14" coveredmethods="14"/>
      <line num="7" count="1" type="cond" truecount="1" falsecount="0"/>
      <line num="8" count="14" type="stmt"/>
      <line num="9" count="14" type="stmt"/>
      <line num="10" count="14" type="stmt"/>
      <line num="12" count="14" type="stmt"/>
      <line num="13" count="14" type="stmt"/>
      <line num="14" count="14" type="cond" truecount="1" falsecount="0"/>
      <line num="15" count="14" type="stmt"/>
      <line num="16" count="14" type="stmt"/>
      <line num="19" count="14" type="stmt"/>
      <line num="20" count="14" type="cond" truecount="1" falsecount="0"/>
      <line num="21" count="14" type="stmt"/>
      <line num="22" count="14" type="stmt"/>
      <line num="23" count="14" type="cond" truecount="1" falsecount="0"/>
      <line num="24" count="1" type="stmt"/>
      <line num="25" count="1" type="stmt"/>
      <line num="26" count="14" type="stmt"/>
      <line num="27" count="14" type="cond" truecount="1" falsecount="0"/>
      <line num="28" count="1" type="stmt"/>
      <line num="29" count="1" type="stmt"/>
      <line num="30" count="14" type="cond" truecount="1" falsecount="0"/>
      <line num="31" count="19" type="stmt"/>
      <line num="32" count="19" type="stmt"/>
      <line num="34" count="14" type="cond" truecount="1" falsecount="0"/>
      <line num="35" count="12" type="stmt"/>
      <line num="36" count="12" type="cond" truecount="2" falsecount="0"/>
      <line num="37" count="1" type="stmt"/>
      <line num="38" count="1" type="stmt"/>
      <line num="39" count="12" type="cond" truecount="1" falsecount="0"/>
      <line num="40" count="11" type="stmt"/>
      <line num="41" count="11" type="stmt"/>
      <line num="42" count="12" type="stmt"/>
      <line num="43" count="14" type="cond" truecount="1" falsecount="0"/>
      <line num="44" count="15" type="stmt"/>
      <line num="45" count="15" type="cond" truecount="1" falsecount="0"/>
      <line num="46" count="2" type="stmt"/>
      <line num="47" count="2" type="stmt"/>
      <line num="48" count="2" type="cond" truecount="1" falsecount="0"/>
      <line num="49" count="2" type="stmt"/>
      <line num="50" count="2" type="stmt"/>
      <line num="51" count="2" type="stmt"/>
      <line num="52" count="2" type="cond" truecount="1" falsecount="0"/>
      <line num="53" count="15" type="cond" truecount="2" falsecount="0"/>
      <line num="55" count="15" type="stmt"/>
      <line num="56" count="15" type="cond" truecount="1" falsecount="0"/>
      <line num="57" count="7" type="stmt"/>
      <line num="58" count="15" type="stmt"/>
      <line num="59" count="15" type="stmt"/>
      <line num="60" count="14" type="stmt"/>
      <line num="72" count="1" type="cond" truecount="1" falsecount="0"/>
      <line num="73" count="4" type="stmt"/>
      <line num="74" count="4" type="stmt"/>
      <line num="75" count="4" type="stmt"/>
      <line num="76" count="4" type="stmt"/>
      <line num="77" count="4" type="stmt"/>
      <line num="79" count="4" type="cond" truecount="1" falsecount="0"/>
      <line num="80" count="4" type="stmt"/>
      <line num="82" count="4" type="stmt"/>
      <line num="84" count="4" type="cond" truecount="1" falsecount="0"/>
      <line num="87" count="4" type="stmt"/>
      <line num="88" count="4" type="stmt"/>
      <line num="89" count="4" type="stmt"/>
      <line num="90" count="4" type="stmt"/>
      <line num="91" count="4" type="stmt"/>
      <line num="92" count="4" type="stmt"/>
      <line num="93" count="4" type="cond" truecount="1" falsecount="0"/>
      <line num="94" count="5" type="stmt"/>
      <line num="95" count="5" type="stmt"/>
      <line num="96" count="4" type="cond" truecount="1" falsecount="0"/>
      <line num="97" count="3" type="stmt"/>
      <line num="98" count="3" type="cond" truecount="2" falsecount="0"/>
      <line num="99" count="1" type="stmt"/>
      <line num="100" count="1" type="stmt"/>
      <line num="101" count="3" type="cond" truecount="1" falsecount="0"/>
      <line num="102" count="1" type="stmt"/>
      <line num="103" count="1" type="stmt"/>
      <line num="104" count="3" type="stmt"/>
      <line num="105" count="4" type="cond" truecount="1" falsecount="0"/>
      <line num="107" count="3" type="stmt"/>
      <line num="108" count="3" type="stmt"/>
      <line num="109" count="3" type="stmt"/>
      <line num="110" count="3" type="cond" truecount="1" falsecount="0"/>
      <line num="111" count="6" type="stmt"/>
      <line num="112" count="6" type="cond" truecount="1" falsecount="0"/>
      <line num="113" count="3" type="cond" truecount="1" falsecount="0"/>
      <line num="114" count="6" type="cond" truecount="1" falsecount="0"/>
      <line num="115" count="3" type="stmt"/>
      <line num="116" count="3" type="stmt"/>
      <line num="117" count="3" type="stmt"/>
      <line num="118" count="3" type="stmt"/>
      <line num="119" count="3" type="stmt"/>
      <line num="120" count="3" type="stmt"/>
      <line num="121" count="3" type="stmt"/>
      <line num="122" count="3" type="stmt"/>
      <line num="123" count="3" type="stmt"/>
      <line num="124" count="3" type="stmt"/>
      <line num="127" count="3" type="stmt"/>
      <line num="128" count="3" type="stmt"/>
      <line num="129" count="3" type="cond" truecount="1" falsecount="0"/>
      <line num="130" count="2" type="stmt"/>
      <line num="131" count="3" type="stmt"/>
      <line num="132" count="3" type="stmt"/>
      <line num="133" count="3" type="stmt"/>
      <line num="134" count="3" type="stmt"/>
      <line num="135" count="3" type="stmt"/>
      <line num="136" count="6" type="stmt"/>
      <line num="137" count="6" type="stmt"/>
      <line num="138" count="3" type="stmt"/>
      <line num="139" count="3" type="cond" truecount="1" falsecount="0"/>
      <line num="140" count="3" type="cond" truecount="1" falsecount="0"/>
      <line num="141" count="3" type="cond" truecount="1" falsecount="0"/>
      <line num="142" count="3" type="cond" truecount="1" falsecount="0"/>
      <line num="143" count="3" type="stmt"/>
      <line num="144" count="3" type="stmt"/>
      <line num="145" count="4" type="stmt"/>
      <line num="147" count="1" type="stmt"/>
      <line num="149" count="1" type="cond" truecount="1" falsecount="0"/>
      <line num="150" count="2" type="stmt"/>
      <line num="151" count="2" type="stmt"/>
      <line num="152" count="2" type="stmt"/>
      <line num="153" count="2" type="stmt"/>
      <line num="154" count="2" type="cond" truecount="1" falsecount="0"/>
      <line num="155" count="2" type="stmt"/>
      <line num="156" count="2" type="stmt"/>
      <line num="157" count="2" type="stmt"/>
      <line num="158" count="2" type="stmt"/>
      <line num="159" count="2" type="cond" truecount="1" falsecount="0"/>
      <line num="160" count="2" type="cond" truecount="1" falsecount="0"/>
      <line num="161" count="1" type="stmt"/>
      <line num="162" count="1" type="stmt"/>
      <line num="163" count="2" type="cond" truecount="1" falsecount="0"/>
      <line num="164" count="4" type="stmt"/>
      <line num="165" count="4" type="cond" truecount="1" falsecount="0"/>
      <line num="166" count="3" type="stmt"/>
      <line num="167" count="4" type="stmt"/>
      <line num="168" count="4" type="stmt"/>
      <line num="169" count="2" type="stmt"/>
      <line num="170" count="2" type="cond" truecount="2" falsecount="0"/>
      <line num="171" count="2" type="stmt"/>
      <line num="172" count="2" type="stmt"/>
    </file>
  </project>
</coverage>
