{"/Users/marcushellams/dev/mth-store/rslib.config.ts": {"path":"/Users/marcushellams/dev/mth-store/rslib.config.ts","all":true,"statementMap":{"0":{"start":{"line":1,"column":0},"end":{"line":1,"column":43}},"2":{"start":{"line":3,"column":0},"end":{"line":3,"column":29}},"3":{"start":{"line":4,"column":0},"end":{"line":4,"column":8}},"4":{"start":{"line":5,"column":0},"end":{"line":5,"column":5}},"5":{"start":{"line":6,"column":0},"end":{"line":6,"column":20}},"6":{"start":{"line":7,"column":0},"end":{"line":7,"column":26}},"7":{"start":{"line":8,"column":0},"end":{"line":8,"column":16}},"8":{"start":{"line":9,"column":0},"end":{"line":9,"column":6}},"9":{"start":{"line":10,"column":0},"end":{"line":10,"column":5}},"10":{"start":{"line":11,"column":0},"end":{"line":11,"column":20}},"11":{"start":{"line":12,"column":0},"end":{"line":12,"column":26}},"12":{"start":{"line":13,"column":0},"end":{"line":13,"column":6}},"13":{"start":{"line":14,"column":0},"end":{"line":14,"column":4}},"14":{"start":{"line":15,"column":0},"end":{"line":15,"column":3}}},"s":{"0":0,"2":0,"3":0,"4":0,"5":0,"6":0,"7":0,"8":0,"9":0,"10":0,"11":0,"12":0,"13":0,"14":0},"branchMap":{"0":{"type":"branch","line":1,"loc":{"start":{"line":1,"column":231},"end":{"line":15,"column":3}},"locations":[{"start":{"line":1,"column":231},"end":{"line":15,"column":3}}]}},"b":{"0":[0]},"fnMap":{"0":{"name":"(empty-report)","decl":{"start":{"line":1,"column":231},"end":{"line":15,"column":3}},"loc":{"start":{"line":1,"column":231},"end":{"line":15,"column":3}},"line":1}},"f":{"0":0}}
,"/Users/marcushellams/dev/mth-store/src/index.ts": {"path":"/Users/marcushellams/dev/mth-store/src/index.ts","all":true,"statementMap":{"0":{"start":{"line":1,"column":0},"end":{"line":1,"column":24}}},"s":{"0":0},"branchMap":{"0":{"type":"branch","line":1,"loc":{"start":{"line":1,"column":0},"end":{"line":1,"column":24}},"locations":[{"start":{"line":1,"column":0},"end":{"line":1,"column":24}}]}},"b":{"0":[0]},"fnMap":{"0":{"name":"(empty-report)","decl":{"start":{"line":1,"column":0},"end":{"line":1,"column":24}},"loc":{"start":{"line":1,"column":0},"end":{"line":1,"column":24}},"line":1}},"f":{"0":0}}
,"/Users/marcushellams/dev/mth-store/src/store.ts": {"path":"/Users/marcushellams/dev/mth-store/src/store.ts","all":false,"statementMap":{"6":{"start":{"line":7,"column":0},"end":{"line":7,"column":33}},"7":{"start":{"line":8,"column":0},"end":{"line":8,"column":46}},"8":{"start":{"line":9,"column":0},"end":{"line":9,"column":20}},"9":{"start":{"line":10,"column":0},"end":{"line":10,"column":24}},"11":{"start":{"line":12,"column":0},"end":{"line":12,"column":98}},"12":{"start":{"line":13,"column":0},"end":{"line":13,"column":14}},"13":{"start":{"line":14,"column":0},"end":{"line":14,"column":14}},"14":{"start":{"line":15,"column":0},"end":{"line":15,"column":17}},"15":{"start":{"line":16,"column":0},"end":{"line":16,"column":12}},"18":{"start":{"line":19,"column":0},"end":{"line":19,"column":5}},"19":{"start":{"line":20,"column":0},"end":{"line":20,"column":36}},"20":{"start":{"line":21,"column":0},"end":{"line":21,"column":28}},"21":{"start":{"line":22,"column":0},"end":{"line":22,"column":32}},"22":{"start":{"line":23,"column":0},"end":{"line":23,"column":19}},"23":{"start":{"line":24,"column":0},"end":{"line":24,"column":32}},"24":{"start":{"line":25,"column":0},"end":{"line":25,"column":5}},"25":{"start":{"line":26,"column":0},"end":{"line":26,"column":3}},"26":{"start":{"line":27,"column":0},"end":{"line":27,"column":27}},"27":{"start":{"line":28,"column":0},"end":{"line":28,"column":27}},"28":{"start":{"line":29,"column":0},"end":{"line":29,"column":4}},"29":{"start":{"line":30,"column":0},"end":{"line":30,"column":20}},"30":{"start":{"line":31,"column":0},"end":{"line":31,"column":23}},"31":{"start":{"line":32,"column":0},"end":{"line":32,"column":4}},"33":{"start":{"line":34,"column":0},"end":{"line":34,"column":84}},"34":{"start":{"line":35,"column":0},"end":{"line":35,"column":34}},"35":{"start":{"line":36,"column":0},"end":{"line":36,"column":23}},"36":{"start":{"line":37,"column":0},"end":{"line":37,"column":41}},"37":{"start":{"line":38,"column":0},"end":{"line":38,"column":5}},"38":{"start":{"line":39,"column":0},"end":{"line":39,"column":18}},"39":{"start":{"line":40,"column":0},"end":{"line":40,"column":39}},"40":{"start":{"line":41,"column":0},"end":{"line":41,"column":6}},"41":{"start":{"line":42,"column":0},"end":{"line":42,"column":4}},"42":{"start":{"line":43,"column":0},"end":{"line":43,"column":45}},"43":{"start":{"line":44,"column":0},"end":{"line":44,"column":33}},"44":{"start":{"line":45,"column":0},"end":{"line":45,"column":25}},"45":{"start":{"line":46,"column":0},"end":{"line":46,"column":62}},"46":{"start":{"line":47,"column":0},"end":{"line":47,"column":34}},"47":{"start":{"line":48,"column":0},"end":{"line":48,"column":45}},"48":{"start":{"line":49,"column":0},"end":{"line":49,"column":42}},"49":{"start":{"line":50,"column":0},"end":{"line":50,"column":9}},"50":{"start":{"line":51,"column":0},"end":{"line":51,"column":13}},"51":{"start":{"line":52,"column":0},"end":{"line":52,"column":5}},"52":{"start":{"line":53,"column":0},"end":{"line":53,"column":94}},"54":{"start":{"line":55,"column":0},"end":{"line":55,"column":32}},"55":{"start":{"line":56,"column":0},"end":{"line":56,"column":43}},"56":{"start":{"line":57,"column":0},"end":{"line":57,"column":40}},"57":{"start":{"line":58,"column":0},"end":{"line":58,"column":7}},"58":{"start":{"line":59,"column":0},"end":{"line":59,"column":4}},"59":{"start":{"line":60,"column":0},"end":{"line":60,"column":1}},"71":{"start":{"line":72,"column":0},"end":{"line":72,"column":95}},"72":{"start":{"line":73,"column":0},"end":{"line":73,"column":22}},"73":{"start":{"line":74,"column":0},"end":{"line":74,"column":34}},"74":{"start":{"line":75,"column":0},"end":{"line":75,"column":40}},"75":{"start":{"line":76,"column":0},"end":{"line":76,"column":20}},"76":{"start":{"line":77,"column":0},"end":{"line":77,"column":46}},"78":{"start":{"line":79,"column":0},"end":{"line":79,"column":69}},"79":{"start":{"line":80,"column":0},"end":{"line":80,"column":18}},"81":{"start":{"line":82,"column":0},"end":{"line":82,"column":22}},"83":{"start":{"line":84,"column":0},"end":{"line":84,"column":75}},"86":{"start":{"line":87,"column":0},"end":{"line":87,"column":28}},"87":{"start":{"line":88,"column":0},"end":{"line":88,"column":34}},"88":{"start":{"line":89,"column":0},"end":{"line":89,"column":25}},"89":{"start":{"line":90,"column":0},"end":{"line":90,"column":31}},"90":{"start":{"line":91,"column":0},"end":{"line":91,"column":7}},"91":{"start":{"line":92,"column":0},"end":{"line":92,"column":3}},"92":{"start":{"line":93,"column":0},"end":{"line":93,"column":20}},"93":{"start":{"line":94,"column":0},"end":{"line":94,"column":23}},"94":{"start":{"line":95,"column":0},"end":{"line":95,"column":4}},"95":{"start":{"line":96,"column":0},"end":{"line":96,"column":84}},"96":{"start":{"line":97,"column":0},"end":{"line":97,"column":34}},"97":{"start":{"line":98,"column":0},"end":{"line":98,"column":23}},"98":{"start":{"line":99,"column":0},"end":{"line":99,"column":41}},"99":{"start":{"line":100,"column":0},"end":{"line":100,"column":5}},"100":{"start":{"line":101,"column":0},"end":{"line":101,"column":18}},"101":{"start":{"line":102,"column":0},"end":{"line":102,"column":39}},"102":{"start":{"line":103,"column":0},"end":{"line":103,"column":6}},"103":{"start":{"line":104,"column":0},"end":{"line":104,"column":4}},"104":{"start":{"line":105,"column":0},"end":{"line":105,"column":17}},"106":{"start":{"line":107,"column":0},"end":{"line":107,"column":59}},"107":{"start":{"line":108,"column":0},"end":{"line":108,"column":56}},"108":{"start":{"line":109,"column":0},"end":{"line":109,"column":32}},"109":{"start":{"line":110,"column":0},"end":{"line":110,"column":33}},"110":{"start":{"line":111,"column":0},"end":{"line":111,"column":21}},"111":{"start":{"line":112,"column":0},"end":{"line":112,"column":47}},"112":{"start":{"line":113,"column":0},"end":{"line":113,"column":40}},"113":{"start":{"line":114,"column":0},"end":{"line":114,"column":31}},"114":{"start":{"line":115,"column":0},"end":{"line":115,"column":44}},"115":{"start":{"line":116,"column":0},"end":{"line":116,"column":41}},"116":{"start":{"line":117,"column":0},"end":{"line":117,"column":20}},"117":{"start":{"line":118,"column":0},"end":{"line":118,"column":51}},"118":{"start":{"line":119,"column":0},"end":{"line":119,"column":48}},"119":{"start":{"line":120,"column":0},"end":{"line":120,"column":13}},"120":{"start":{"line":121,"column":0},"end":{"line":121,"column":13}},"121":{"start":{"line":122,"column":0},"end":{"line":122,"column":40}},"122":{"start":{"line":123,"column":0},"end":{"line":123,"column":31}},"123":{"start":{"line":124,"column":0},"end":{"line":124,"column":58}},"126":{"start":{"line":127,"column":0},"end":{"line":127,"column":92}},"127":{"start":{"line":128,"column":0},"end":{"line":128,"column":13}},"128":{"start":{"line":129,"column":0},"end":{"line":129,"column":49}},"129":{"start":{"line":130,"column":0},"end":{"line":130,"column":45}},"130":{"start":{"line":131,"column":0},"end":{"line":131,"column":13}},"131":{"start":{"line":132,"column":0},"end":{"line":132,"column":34}},"132":{"start":{"line":133,"column":0},"end":{"line":133,"column":36}},"133":{"start":{"line":134,"column":0},"end":{"line":134,"column":30}},"134":{"start":{"line":135,"column":0},"end":{"line":135,"column":27}},"135":{"start":{"line":136,"column":0},"end":{"line":136,"column":11}},"136":{"start":{"line":137,"column":0},"end":{"line":137,"column":8}},"137":{"start":{"line":138,"column":0},"end":{"line":138,"column":7}},"138":{"start":{"line":139,"column":0},"end":{"line":139,"column":18}},"139":{"start":{"line":140,"column":0},"end":{"line":140,"column":45}},"140":{"start":{"line":141,"column":0},"end":{"line":141,"column":58}},"141":{"start":{"line":142,"column":0},"end":{"line":142,"column":78}},"142":{"start":{"line":143,"column":0},"end":{"line":143,"column":6}},"143":{"start":{"line":144,"column":0},"end":{"line":144,"column":4}},"144":{"start":{"line":145,"column":0},"end":{"line":145,"column":1}},"146":{"start":{"line":147,"column":0},"end":{"line":147,"column":20}},"148":{"start":{"line":149,"column":0},"end":{"line":149,"column":3}},"149":{"start":{"line":150,"column":0},"end":{"line":150,"column":22}},"150":{"start":{"line":151,"column":0},"end":{"line":151,"column":26}},"151":{"start":{"line":152,"column":0},"end":{"line":152,"column":40}},"152":{"start":{"line":153,"column":0},"end":{"line":153,"column":25}},"153":{"start":{"line":154,"column":0},"end":{"line":154,"column":93}},"154":{"start":{"line":155,"column":0},"end":{"line":155,"column":18}},"155":{"start":{"line":156,"column":0},"end":{"line":156,"column":22}},"156":{"start":{"line":157,"column":0},"end":{"line":157,"column":24}},"157":{"start":{"line":158,"column":0},"end":{"line":158,"column":3}},"158":{"start":{"line":159,"column":0},"end":{"line":159,"column":17}},"159":{"start":{"line":160,"column":0},"end":{"line":160,"column":22}},"160":{"start":{"line":161,"column":0},"end":{"line":161,"column":17}},"161":{"start":{"line":162,"column":0},"end":{"line":162,"column":5}},"162":{"start":{"line":163,"column":0},"end":{"line":163,"column":33}},"163":{"start":{"line":164,"column":0},"end":{"line":164,"column":21}},"164":{"start":{"line":165,"column":0},"end":{"line":165,"column":29}},"165":{"start":{"line":166,"column":0},"end":{"line":166,"column":21}},"166":{"start":{"line":167,"column":0},"end":{"line":167,"column":11}},"167":{"start":{"line":168,"column":0},"end":{"line":168,"column":8}},"168":{"start":{"line":169,"column":0},"end":{"line":169,"column":7}},"169":{"start":{"line":170,"column":0},"end":{"line":170,"column":56}},"170":{"start":{"line":171,"column":0},"end":{"line":171,"column":4}},"171":{"start":{"line":172,"column":0},"end":{"line":172,"column":1}}},"s":{"6":1,"7":14,"8":14,"9":14,"11":14,"12":14,"13":14,"14":14,"15":14,"18":14,"19":14,"20":14,"21":14,"22":14,"23":1,"24":1,"25":14,"26":14,"27":1,"28":1,"29":14,"30":19,"31":19,"33":14,"34":12,"35":12,"36":1,"37":1,"38":12,"39":11,"40":11,"41":12,"42":14,"43":15,"44":15,"45":2,"46":2,"47":2,"48":2,"49":2,"50":2,"51":2,"52":15,"54":15,"55":15,"56":7,"57":15,"58":15,"59":14,"71":1,"72":4,"73":4,"74":4,"75":4,"76":4,"78":4,"79":4,"81":4,"83":4,"86":4,"87":4,"88":4,"89":4,"90":4,"91":4,"92":4,"93":5,"94":5,"95":4,"96":3,"97":3,"98":1,"99":1,"100":3,"101":1,"102":1,"103":3,"104":4,"106":3,"107":3,"108":3,"109":3,"110":6,"111":6,"112":3,"113":6,"114":3,"115":3,"116":3,"117":3,"118":3,"119":3,"120":3,"121":3,"122":3,"123":3,"126":3,"127":3,"128":3,"129":2,"130":3,"131":3,"132":3,"133":3,"134":3,"135":6,"136":6,"137":3,"138":3,"139":3,"140":3,"141":3,"142":3,"143":3,"144":4,"146":1,"148":1,"149":2,"150":2,"151":2,"152":2,"153":2,"154":2,"155":2,"156":2,"157":2,"158":2,"159":2,"160":1,"161":1,"162":2,"163":4,"164":4,"165":3,"166":4,"167":4,"168":2,"169":2,"170":2,"171":2},"branchMap":{"0":{"type":"branch","line":7,"loc":{"start":{"line":7,"column":32},"end":{"line":60,"column":1}},"locations":[{"start":{"line":7,"column":32},"end":{"line":60,"column":1}}]},"1":{"type":"branch","line":14,"loc":{"start":{"line":14,"column":2},"end":{"line":26,"column":3}},"locations":[{"start":{"line":14,"column":2},"end":{"line":26,"column":3}}]},"2":{"type":"branch","line":20,"loc":{"start":{"line":20,"column":25},"end":{"line":20,"column":36}},"locations":[{"start":{"line":20,"column":25},"end":{"line":20,"column":36}}]},"3":{"type":"branch","line":23,"loc":{"start":{"line":23,"column":18},"end":{"line":25,"column":5}},"locations":[{"start":{"line":23,"column":18},"end":{"line":25,"column":5}}]},"4":{"type":"branch","line":27,"loc":{"start":{"line":27,"column":20},"end":{"line":29,"column":4}},"locations":[{"start":{"line":27,"column":20},"end":{"line":29,"column":4}}]},"5":{"type":"branch","line":30,"loc":{"start":{"line":30,"column":13},"end":{"line":32,"column":4}},"locations":[{"start":{"line":30,"column":13},"end":{"line":32,"column":4}}]},"6":{"type":"branch","line":34,"loc":{"start":{"line":34,"column":14},"end":{"line":42,"column":4}},"locations":[{"start":{"line":34,"column":14},"end":{"line":42,"column":4}}]},"7":{"type":"branch","line":36,"loc":{"start":{"line":36,"column":8},"end":{"line":36,"column":22}},"locations":[{"start":{"line":36,"column":8},"end":{"line":36,"column":22}}]},"8":{"type":"branch","line":36,"loc":{"start":{"line":36,"column":22},"end":{"line":38,"column":5}},"locations":[{"start":{"line":36,"column":22},"end":{"line":38,"column":5}}]},"9":{"type":"branch","line":39,"loc":{"start":{"line":39,"column":11},"end":{"line":41,"column":6}},"locations":[{"start":{"line":39,"column":11},"end":{"line":41,"column":6}}]},"10":{"type":"branch","line":43,"loc":{"start":{"line":43,"column":26},"end":{"line":59,"column":4}},"locations":[{"start":{"line":43,"column":26},"end":{"line":59,"column":4}}]},"11":{"type":"branch","line":45,"loc":{"start":{"line":45,"column":24},"end":{"line":52,"column":5}},"locations":[{"start":{"line":45,"column":24},"end":{"line":52,"column":5}}]},"12":{"type":"branch","line":52,"loc":{"start":{"line":52,"column":4},"end":{"line":53,"column":56}},"locations":[{"start":{"line":52,"column":4},"end":{"line":53,"column":56}}]},"13":{"type":"branch","line":53,"loc":{"start":{"line":53,"column":45},"end":{"line":53,"column":81}},"locations":[{"start":{"line":53,"column":45},"end":{"line":53,"column":81}}]},"14":{"type":"branch","line":53,"loc":{"start":{"line":53,"column":77},"end":{"line":53,"column":94}},"locations":[{"start":{"line":53,"column":77},"end":{"line":53,"column":94}}]},"15":{"type":"branch","line":48,"loc":{"start":{"line":48,"column":30},"end":{"line":50,"column":7}},"locations":[{"start":{"line":48,"column":30},"end":{"line":50,"column":7}}]},"16":{"type":"branch","line":56,"loc":{"start":{"line":56,"column":28},"end":{"line":58,"column":5}},"locations":[{"start":{"line":56,"column":28},"end":{"line":58,"column":5}}]},"17":{"type":"branch","line":72,"loc":{"start":{"line":72,"column":94},"end":{"line":145,"column":1}},"locations":[{"start":{"line":72,"column":94},"end":{"line":145,"column":1}}]},"18":{"type":"branch","line":79,"loc":{"start":{"line":79,"column":2},"end":{"line":92,"column":3}},"locations":[{"start":{"line":79,"column":2},"end":{"line":92,"column":3}}]},"19":{"type":"branch","line":84,"loc":{"start":{"line":84,"column":39},"end":{"line":84,"column":58}},"locations":[{"start":{"line":84,"column":39},"end":{"line":84,"column":58}}]},"20":{"type":"branch","line":93,"loc":{"start":{"line":93,"column":13},"end":{"line":95,"column":4}},"locations":[{"start":{"line":93,"column":13},"end":{"line":95,"column":4}}]},"21":{"type":"branch","line":96,"loc":{"start":{"line":96,"column":14},"end":{"line":104,"column":4}},"locations":[{"start":{"line":96,"column":14},"end":{"line":104,"column":4}}]},"22":{"type":"branch","line":98,"loc":{"start":{"line":98,"column":8},"end":{"line":98,"column":22}},"locations":[{"start":{"line":98,"column":8},"end":{"line":98,"column":22}}]},"23":{"type":"branch","line":98,"loc":{"start":{"line":98,"column":22},"end":{"line":100,"column":5}},"locations":[{"start":{"line":98,"column":22},"end":{"line":100,"column":5}}]},"24":{"type":"branch","line":101,"loc":{"start":{"line":101,"column":11},"end":{"line":103,"column":6}},"locations":[{"start":{"line":101,"column":11},"end":{"line":103,"column":6}}]},"25":{"type":"branch","line":105,"loc":{"start":{"line":105,"column":10},"end":{"line":144,"column":4}},"locations":[{"start":{"line":105,"column":10},"end":{"line":144,"column":4}}]},"26":{"type":"branch","line":110,"loc":{"start":{"line":110,"column":23},"end":{"line":138,"column":5}},"locations":[{"start":{"line":110,"column":23},"end":{"line":138,"column":5}}]},"27":{"type":"branch","line":112,"loc":{"start":{"line":112,"column":22},"end":{"line":136,"column":9}},"locations":[{"start":{"line":112,"column":22},"end":{"line":136,"column":9}}]},"28":{"type":"branch","line":113,"loc":{"start":{"line":113,"column":29},"end":{"line":121,"column":11}},"locations":[{"start":{"line":113,"column":29},"end":{"line":121,"column":11}}]},"29":{"type":"branch","line":114,"loc":{"start":{"line":114,"column":30},"end":{"line":120,"column":13}},"locations":[{"start":{"line":114,"column":30},"end":{"line":120,"column":13}}]},"30":{"type":"branch","line":129,"loc":{"start":{"line":129,"column":34},"end":{"line":131,"column":11}},"locations":[{"start":{"line":129,"column":34},"end":{"line":131,"column":11}}]},"31":{"type":"branch","line":139,"loc":{"start":{"line":139,"column":11},"end":{"line":143,"column":6}},"locations":[{"start":{"line":139,"column":11},"end":{"line":143,"column":6}}]},"32":{"type":"branch","line":140,"loc":{"start":{"line":140,"column":25},"end":{"line":140,"column":43}},"locations":[{"start":{"line":140,"column":25},"end":{"line":140,"column":43}}]},"33":{"type":"branch","line":141,"loc":{"start":{"line":141,"column":25},"end":{"line":141,"column":56}},"locations":[{"start":{"line":141,"column":25},"end":{"line":141,"column":56}}]},"34":{"type":"branch","line":142,"loc":{"start":{"line":142,"column":30},"end":{"line":142,"column":76}},"locations":[{"start":{"line":142,"column":30},"end":{"line":142,"column":76}}]},"35":{"type":"branch","line":149,"loc":{"start":{"line":149,"column":2},"end":{"line":172,"column":1}},"locations":[{"start":{"line":149,"column":2},"end":{"line":172,"column":1}}]},"36":{"type":"branch","line":154,"loc":{"start":{"line":154,"column":2},"end":{"line":158,"column":3}},"locations":[{"start":{"line":154,"column":2},"end":{"line":158,"column":3}}]},"37":{"type":"branch","line":159,"loc":{"start":{"line":159,"column":10},"end":{"line":171,"column":4}},"locations":[{"start":{"line":159,"column":10},"end":{"line":171,"column":4}}]},"38":{"type":"branch","line":160,"loc":{"start":{"line":160,"column":21},"end":{"line":162,"column":5}},"locations":[{"start":{"line":160,"column":21},"end":{"line":162,"column":5}}]},"39":{"type":"branch","line":163,"loc":{"start":{"line":163,"column":23},"end":{"line":169,"column":5}},"locations":[{"start":{"line":163,"column":23},"end":{"line":169,"column":5}}]},"40":{"type":"branch","line":165,"loc":{"start":{"line":165,"column":22},"end":{"line":167,"column":9}},"locations":[{"start":{"line":165,"column":22},"end":{"line":167,"column":9}}]},"41":{"type":"branch","line":170,"loc":{"start":{"line":170,"column":11},"end":{"line":170,"column":56}},"locations":[{"start":{"line":170,"column":11},"end":{"line":170,"column":56}}]},"42":{"type":"branch","line":170,"loc":{"start":{"line":170,"column":36},"end":{"line":170,"column":54}},"locations":[{"start":{"line":170,"column":36},"end":{"line":170,"column":54}}]}},"b":{"0":[14],"1":[14],"2":[13],"3":[1],"4":[1],"5":[19],"6":[12],"7":[1],"8":[1],"9":[11],"10":[15],"11":[2],"12":[13],"13":[1],"14":[12],"15":[2],"16":[7],"17":[4],"18":[4],"19":[8],"20":[5],"21":[3],"22":[1],"23":[1],"24":[1],"25":[3],"26":[6],"27":[3],"28":[6],"29":[3],"30":[2],"31":[3],"32":[6],"33":[6],"34":[3],"35":[2],"36":[2],"37":[2],"38":[1],"39":[4],"40":[3],"41":[2],"42":[4]},"fnMap":{"0":{"name":"<instance_members_initializer>","decl":{"start":{"line":7,"column":32},"end":{"line":60,"column":1}},"loc":{"start":{"line":7,"column":32},"end":{"line":60,"column":1}},"line":7},"1":{"name":"Store","decl":{"start":{"line":14,"column":2},"end":{"line":26,"column":3}},"loc":{"start":{"line":14,"column":2},"end":{"line":26,"column":3}},"line":14},"2":{"name":"getInitialState","decl":{"start":{"line":27,"column":20},"end":{"line":29,"column":4}},"loc":{"start":{"line":27,"column":20},"end":{"line":29,"column":4}},"line":27},"3":{"name":"getState","decl":{"start":{"line":30,"column":13},"end":{"line":32,"column":4}},"loc":{"start":{"line":30,"column":13},"end":{"line":32,"column":4}},"line":30},"4":{"name":"subscribe","decl":{"start":{"line":34,"column":14},"end":{"line":42,"column":4}},"loc":{"start":{"line":34,"column":14},"end":{"line":42,"column":4}},"line":34},"5":{"name":"setState","decl":{"start":{"line":43,"column":26},"end":{"line":59,"column":4}},"loc":{"start":{"line":43,"column":26},"end":{"line":59,"column":4}},"line":43},"6":{"name":"<instance_members_initializer>","decl":{"start":{"line":72,"column":94},"end":{"line":145,"column":1}},"loc":{"start":{"line":72,"column":94},"end":{"line":145,"column":1}},"line":72},"7":{"name":"Derived","decl":{"start":{"line":79,"column":2},"end":{"line":92,"column":3}},"loc":{"start":{"line":79,"column":2},"end":{"line":92,"column":3}},"line":79},"8":{"name":"getState","decl":{"start":{"line":93,"column":13},"end":{"line":95,"column":4}},"loc":{"start":{"line":93,"column":13},"end":{"line":95,"column":4}},"line":93},"9":{"name":"subscribe","decl":{"start":{"line":96,"column":14},"end":{"line":104,"column":4}},"loc":{"start":{"line":96,"column":14},"end":{"line":104,"column":4}},"line":96},"10":{"name":"mount","decl":{"start":{"line":105,"column":10},"end":{"line":144,"column":4}},"loc":{"start":{"line":105,"column":10},"end":{"line":144,"column":4}},"line":105},"11":{"name":"<instance_members_initializer>","decl":{"start":{"line":149,"column":2},"end":{"line":172,"column":1}},"loc":{"start":{"line":149,"column":2},"end":{"line":172,"column":1}},"line":149},"12":{"name":"Effect","decl":{"start":{"line":154,"column":2},"end":{"line":158,"column":3}},"loc":{"start":{"line":154,"column":2},"end":{"line":158,"column":3}},"line":154},"13":{"name":"mount","decl":{"start":{"line":159,"column":10},"end":{"line":171,"column":4}},"loc":{"start":{"line":159,"column":10},"end":{"line":171,"column":4}},"line":159}},"f":{"0":14,"1":14,"2":1,"3":19,"4":12,"5":15,"6":4,"7":4,"8":5,"9":3,"10":3,"11":2,"12":2,"13":2}}
}
